{"/Users/kelvinsun/Workspace/GitHub/badminton-court/src/main.ts": {"path":"/Users/kelvinsun/Workspace/GitHub/badminton-court/src/main.ts","statementMap":{"0":{"start":{"line":1,"column":0},"end":{"line":1,"column":47}},"1":{"start":{"line":2,"column":0},"end":{"line":2,"column":47}},"2":{"start":{"line":3,"column":0},"end":{"line":3,"column":51}},"3":{"start":{"line":4,"column":0},"end":{"line":4,"column":65}},"4":{"start":{"line":5,"column":0},"end":{"line":5,"column":53}},"5":{"start":{"line":6,"column":0},"end":{"line":6,"column":45}},"6":{"start":{"line":7,"column":0},"end":{"line":7,"column":45}},"7":{"start":{"line":8,"column":0},"end":{"line":8,"column":39}},"8":{"start":{"line":9,"column":0},"end":{"line":9,"column":43}},"9":{"start":{"line":10,"column":0},"end":{"line":10,"column":43}},"10":{"start":{"line":12,"column":0},"end":{"line":12,"column":null}},"11":{"start":{"line":35,"column":12},"end":{"line":35,"column":36}},"12":{"start":{"line":36,"column":12},"end":{"line":36,"column":38}},"13":{"start":{"line":13,"column":19},"end":{"line":33,"column":null}},"14":{"start":{"line":14,"column":30},"end":{"line":14,"column":31}},"15":{"start":{"line":16,"column":34},"end":{"line":16,"column":57}},"16":{"start":{"line":17,"column":36},"end":{"line":17,"column":55}},"17":{"start":{"line":20,"column":22},"end":{"line":20,"column":50}},"18":{"start":{"line":21,"column":24},"end":{"line":21,"column":50}},"19":{"start":{"line":23,"column":8},"end":{"line":30,"column":null}},"20":{"start":{"line":25,"column":12},"end":{"line":27,"column":null}},"21":{"start":{"line":26,"column":16},"end":{"line":26,"column":57}},"22":{"start":{"line":28,"column":12},"end":{"line":28,"column":42}},"23":{"start":{"line":29,"column":12},"end":{"line":29,"column":22}},"24":{"start":{"line":32,"column":8},"end":{"line":32,"column":61}},"25":{"start":{"line":38,"column":11},"end":{"line":111,"column":null}},"26":{"start":{"line":39,"column":59},"end":{"line":39,"column":78}},"27":{"start":{"line":41,"column":8},"end":{"line":110,"column":null}},"28":{"start":{"line":42,"column":18},"end":{"line":42,"column":21}},"29":{"start":{"line":42,"column":21},"end":{"line":42,"column":29}},"30":{"start":{"line":42,"column":31},"end":{"line":42,"column":35}},"31":{"start":{"line":42,"column":37},"end":{"line":42,"column":46}},"32":{"start":{"line":42,"column":48},"end":{"line":42,"column":55}},"33":{"start":{"line":42,"column":57},"end":{"line":42,"column":64}},"34":{"start":{"line":42,"column":66},"end":{"line":42,"column":null}},"35":{"start":{"line":52,"column":12},"end":{"line":55,"column":null}},"36":{"start":{"line":54,"column":16},"end":{"line":54,"column":56}},"37":{"start":{"line":57,"column":12},"end":{"line":60,"column":null}},"38":{"start":{"line":59,"column":16},"end":{"line":59,"column":56}},"39":{"start":{"line":63,"column":12},"end":{"line":66,"column":null}},"40":{"start":{"line":65,"column":16},"end":{"line":65,"column":56}},"41":{"start":{"line":68,"column":49},"end":{"line":69,"column":null}},"42":{"start":{"line":69,"column":31},"end":{"line":69,"column":null}},"43":{"start":{"line":71,"column":41},"end":{"line":71,"column":75}},"44":{"start":{"line":72,"column":39},"end":{"line":72,"column":71}},"45":{"start":{"line":74,"column":31},"end":{"line":74,"column":78}},"46":{"start":{"line":76,"column":12},"end":{"line":79,"column":null}},"47":{"start":{"line":78,"column":16},"end":{"line":78,"column":56}},"48":{"start":{"line":81,"column":12},"end":{"line":107,"column":null}},"49":{"start":{"line":82,"column":30},"end":{"line":82,"column":102}},"50":{"start":{"line":84,"column":16},"end":{"line":87,"column":null}},"51":{"start":{"line":86,"column":20},"end":{"line":86,"column":80}},"52":{"start":{"line":89,"column":16},"end":{"line":89,"column":41}},"53":{"start":{"line":93,"column":16},"end":{"line":93,"column":23}},"54":{"start":{"line":95,"column":39},"end":{"line":95,"column":94}},"55":{"start":{"line":97,"column":16},"end":{"line":100,"column":null}},"56":{"start":{"line":99,"column":20},"end":{"line":99,"column":82}},"57":{"start":{"line":102,"column":16},"end":{"line":102,"column":80}},"58":{"start":{"line":106,"column":16},"end":{"line":106,"column":23}},"59":{"start":{"line":109,"column":12},"end":{"line":109,"column":52}},"60":{"start":{"line":113,"column":11},"end":{"line":152,"column":null}},"61":{"start":{"line":114,"column":97},"end":{"line":114,"column":99}},"62":{"start":{"line":116,"column":8},"end":{"line":122,"column":null}},"63":{"start":{"line":116,"column":21},"end":{"line":116,"column":22}},"64":{"start":{"line":116,"column":28},"end":{"line":116,"column":46}},"65":{"start":{"line":117,"column":12},"end":{"line":119,"column":null}},"66":{"start":{"line":118,"column":16},"end":{"line":118,"column":77}},"67":{"start":{"line":121,"column":12},"end":{"line":121,"column":97}},"68":{"start":{"line":124,"column":8},"end":{"line":130,"column":null}},"69":{"start":{"line":124,"column":21},"end":{"line":124,"column":22}},"70":{"start":{"line":124,"column":28},"end":{"line":124,"column":48}},"71":{"start":{"line":125,"column":12},"end":{"line":127,"column":null}},"72":{"start":{"line":126,"column":16},"end":{"line":126,"column":79}},"73":{"start":{"line":129,"column":12},"end":{"line":129,"column":101}},"74":{"start":{"line":132,"column":8},"end":{"line":149,"column":null}},"75":{"start":{"line":132,"column":30},"end":{"line":132,"column":36}},"76":{"start":{"line":132,"column":30},"end":{"line":132,"column":50}},"77":{"start":{"line":132,"column":26},"end":{"line":132,"column":30}},"78":{"start":{"line":133,"column":12},"end":{"line":133,"column":55}},"79":{"start":{"line":135,"column":24},"end":{"line":135,"column":25}},"80":{"start":{"line":137,"column":12},"end":{"line":146,"column":null}},"81":{"start":{"line":137,"column":38},"end":{"line":137,"column":45}},"82":{"start":{"line":137,"column":38},"end":{"line":137,"column":63}},"83":{"start":{"line":137,"column":34},"end":{"line":137,"column":38}},"84":{"start":{"line":138,"column":16},"end":{"line":143,"column":18}},"85":{"start":{"line":145,"column":16},"end":{"line":145,"column":43}},"86":{"start":{"line":148,"column":12},"end":{"line":148,"column":43}},"87":{"start":{"line":151,"column":8},"end":{"line":151,"column":23}},"88":{"start":{"line":154,"column":12},"end":{"line":163,"column":null}},"89":{"start":{"line":155,"column":8},"end":{"line":162,"column":11}},"90":{"start":{"line":165,"column":12},"end":{"line":180,"column":null}},"91":{"start":{"line":172,"column":8},"end":{"line":179,"column":10}},"92":{"start":{"line":174,"column":16},"end":{"line":178,"column":null}},"93":{"start":{"line":182,"column":12},"end":{"line":190,"column":null}},"94":{"start":{"line":183,"column":28},"end":{"line":183,"column":56}},"95":{"start":{"line":185,"column":8},"end":{"line":187,"column":null}},"96":{"start":{"line":185,"column":21},"end":{"line":185,"column":22}},"97":{"start":{"line":185,"column":28},"end":{"line":185,"column":46}},"98":{"start":{"line":186,"column":12},"end":{"line":186,"column":47}},"99":{"start":{"line":189,"column":8},"end":{"line":189,"column":43}},"100":{"start":{"line":191,"column":0},"end":{"line":191,"column":null}}},"fnMap":{"0":{"name":"(anonymous_0)","decl":{"start":{"line":12,"column":0},"end":{"line":12,"column":null}},"loc":{"start":{"line":12,"column":0},"end":{"line":191,"column":null}}},"1":{"name":"(anonymous_2)","decl":{"start":{"line":13,"column":4},"end":{"line":13,"column":19}},"loc":{"start":{"line":13,"column":107},"end":{"line":33,"column":5}}},"2":{"name":"(anonymous_3)","decl":{"start":{"line":38,"column":4},"end":{"line":38,"column":11}},"loc":{"start":{"line":38,"column":28},"end":{"line":111,"column":5}}},"3":{"name":"(anonymous_4)","decl":{"start":{"line":69,"column":16},"end":{"line":69,"column":27}},"loc":{"start":{"line":69,"column":27},"end":{"line":69,"column":42}}},"4":{"name":"(anonymous_5)","decl":{"start":{"line":113,"column":4},"end":{"line":113,"column":11}},"loc":{"start":{"line":113,"column":4},"end":{"line":152,"column":5}}},"5":{"name":"(anonymous_6)","decl":{"start":{"line":154,"column":4},"end":{"line":154,"column":12}},"loc":{"start":{"line":154,"column":103},"end":{"line":163,"column":5}}},"6":{"name":"(anonymous_7)","decl":{"start":{"line":165,"column":4},"end":{"line":165,"column":12}},"loc":{"start":{"line":170,"column":23},"end":{"line":180,"column":5}}},"7":{"name":"(anonymous_8)","decl":{"start":{"line":173,"column":12},"end":{"line":173,"column":13}},"loc":{"start":{"line":173,"column":34},"end":{"line":174,"column":27}}},"8":{"name":"(anonymous_9)","decl":{"start":{"line":182,"column":4},"end":{"line":182,"column":12}},"loc":{"start":{"line":182,"column":38},"end":{"line":190,"column":5}}}},"branchMap":{"0":{"loc":{"start":{"line":25,"column":12},"end":{"line":27,"column":null}},"type":"if","locations":[{"start":{"line":25,"column":12},"end":{"line":27,"column":null}},{"start":{"line":25,"column":12},"end":{"line":27,"column":null}}]},"1":{"loc":{"start":{"line":32,"column":39},"end":{"line":32,"column":50}},"type":"cond-expr","locations":[{"start":{"line":32,"column":39},"end":{"line":32,"column":50}},{"start":{"line":32,"column":53},"end":{"line":32,"column":60}}]},"2":{"loc":{"start":{"line":41,"column":8},"end":{"line":110,"column":null}},"type":"if","locations":[{"start":{"line":41,"column":8},"end":{"line":110,"column":null}},{"start":{"line":41,"column":8},"end":{"line":110,"column":null}}]},"3":{"loc":{"start":{"line":52,"column":12},"end":{"line":55,"column":null}},"type":"if","locations":[{"start":{"line":52,"column":12},"end":{"line":55,"column":null}},{"start":{"line":52,"column":12},"end":{"line":55,"column":null}}]},"4":{"loc":{"start":{"line":57,"column":12},"end":{"line":60,"column":null}},"type":"if","locations":[{"start":{"line":57,"column":12},"end":{"line":60,"column":null}},{"start":{"line":57,"column":12},"end":{"line":60,"column":null}}]},"5":{"loc":{"start":{"line":63,"column":12},"end":{"line":66,"column":null}},"type":"if","locations":[{"start":{"line":63,"column":12},"end":{"line":66,"column":null}},{"start":{"line":63,"column":12},"end":{"line":66,"column":null}}]},"6":{"loc":{"start":{"line":63,"column":16},"end":{"line":63,"column":38}},"type":"binary-expr","locations":[{"start":{"line":63,"column":16},"end":{"line":63,"column":38}},{"start":{"line":63,"column":42},"end":{"line":63,"column":69}}]},"7":{"loc":{"start":{"line":69,"column":31},"end":{"line":69,"column":56}},"type":"binary-expr","locations":[{"start":{"line":69,"column":31},"end":{"line":69,"column":56}},{"start":{"line":69,"column":60},"end":{"line":69,"column":91}}]},"8":{"loc":{"start":{"line":76,"column":12},"end":{"line":79,"column":null}},"type":"if","locations":[{"start":{"line":76,"column":12},"end":{"line":79,"column":null}},{"start":{"line":76,"column":12},"end":{"line":79,"column":null}}]},"9":{"loc":{"start":{"line":81,"column":12},"end":{"line":107,"column":null}},"type":"if","locations":[{"start":{"line":81,"column":12},"end":{"line":107,"column":null}},{"start":{"line":81,"column":12},"end":{"line":107,"column":null}}]},"10":{"loc":{"start":{"line":84,"column":16},"end":{"line":87,"column":null}},"type":"if","locations":[{"start":{"line":84,"column":16},"end":{"line":87,"column":null}},{"start":{"line":84,"column":16},"end":{"line":87,"column":null}}]},"11":{"loc":{"start":{"line":97,"column":16},"end":{"line":100,"column":null}},"type":"if","locations":[{"start":{"line":97,"column":16},"end":{"line":100,"column":null}},{"start":{"line":97,"column":16},"end":{"line":100,"column":null}}]},"12":{"loc":{"start":{"line":117,"column":12},"end":{"line":119,"column":null}},"type":"if","locations":[{"start":{"line":117,"column":12},"end":{"line":119,"column":null}},{"start":{"line":117,"column":12},"end":{"line":119,"column":null}}]},"13":{"loc":{"start":{"line":125,"column":12},"end":{"line":127,"column":null}},"type":"if","locations":[{"start":{"line":125,"column":12},"end":{"line":127,"column":null}},{"start":{"line":125,"column":12},"end":{"line":127,"column":null}}]},"14":{"loc":{"start":{"line":174,"column":16},"end":{"line":174,"column":49}},"type":"binary-expr","locations":[{"start":{"line":174,"column":16},"end":{"line":174,"column":49}},{"start":{"line":175,"column":16},"end":{"line":175,"column":41}},{"start":{"line":176,"column":16},"end":{"line":176,"column":51}},{"start":{"line":177,"column":16},"end":{"line":177,"column":47}},{"start":{"line":178,"column":16},"end":{"line":178,"column":47}}]}},"s":{"0":1,"1":1,"2":1,"3":1,"4":1,"5":1,"6":1,"7":1,"8":1,"9":1,"10":1,"11":1,"12":1,"13":1,"14":3,"15":3,"16":3,"17":3,"18":3,"19":3,"20":9,"21":0,"22":9,"23":9,"24":3,"25":1,"26":6,"27":6,"28":6,"29":6,"30":6,"31":6,"32":6,"33":6,"34":6,"35":6,"36":0,"37":6,"38":0,"39":6,"40":0,"41":6,"42":3,"43":6,"44":6,"45":6,"46":6,"47":0,"48":6,"49":2,"50":2,"51":1,"52":1,"53":1,"54":4,"55":4,"56":1,"57":3,"58":3,"59":0,"60":1,"61":1,"62":1,"63":1,"64":1,"65":2,"66":2,"67":2,"68":1,"69":1,"70":1,"71":1,"72":0,"73":1,"74":1,"75":1,"76":1,"77":2,"78":2,"79":2,"80":2,"81":2,"82":2,"83":3,"84":3,"85":3,"86":2,"87":1,"88":1,"89":3,"90":1,"91":2,"92":1,"93":1,"94":1,"95":1,"96":1,"97":1,"98":1,"99":1,"100":1},"f":{"0":2,"1":3,"2":6,"3":3,"4":1,"5":3,"6":2,"7":1,"8":1},"b":{"0":[0,9],"1":[1,2],"2":[6,0],"3":[0,6],"4":[0,6],"5":[0,6],"6":[6,2],"7":[3,2],"8":[0,6],"9":[2,4],"10":[1,1],"11":[1,3],"12":[2,0],"13":[0,1],"14":[1,1,1,1,1]}}
,"/Users/kelvinsun/Workspace/GitHub/badminton-court/src/constant/priceMap.ts": {"path":"/Users/kelvinsun/Workspace/GitHub/badminton-court/src/constant/priceMap.ts","statementMap":{"0":{"start":{"line":5,"column":0},"end":{"line":12,"column":2}}},"fnMap":{},"branchMap":{},"s":{"0":1},"f":{},"b":{}}
,"/Users/kelvinsun/Workspace/GitHub/badminton-court/src/constant/regexp.ts": {"path":"/Users/kelvinsun/Workspace/GitHub/badminton-court/src/constant/regexp.ts","statementMap":{"0":{"start":{"line":3,"column":13},"end":{"line":3,"column":110}},"1":{"start":{"line":4,"column":13},"end":{"line":4,"column":54}},"2":{"start":{"line":5,"column":13},"end":{"line":5,"column":45}}},"fnMap":{},"branchMap":{},"s":{"0":1,"1":1,"2":1},"f":{},"b":{}}
,"/Users/kelvinsun/Workspace/GitHub/badminton-court/src/constant/time.ts": {"path":"/Users/kelvinsun/Workspace/GitHub/badminton-court/src/constant/time.ts","statementMap":{"0":{"start":{"line":4,"column":13},"end":{"line":4,"column":35}},"1":{"start":{"line":5,"column":13},"end":{"line":5,"column":32}}},"fnMap":{},"branchMap":{},"s":{"0":1,"1":1},"f":{},"b":{}}
,"/Users/kelvinsun/Workspace/GitHub/badminton-court/src/judgement/inBusiness.ts": {"path":"/Users/kelvinsun/Workspace/GitHub/badminton-court/src/judgement/inBusiness.ts","statementMap":{"0":{"start":{"line":1,"column":0},"end":{"line":1,"column":44}},"1":{"start":{"line":2,"column":0},"end":{"line":2,"column":40}},"2":{"start":{"line":5,"column":30},"end":{"line":5,"column":53}},"3":{"start":{"line":6,"column":32},"end":{"line":6,"column":51}},"4":{"start":{"line":9,"column":18},"end":{"line":9,"column":46}},"5":{"start":{"line":10,"column":20},"end":{"line":10,"column":46}},"6":{"start":{"line":12,"column":4},"end":{"line":18,"column":null}},"7":{"start":{"line":14,"column":8},"end":{"line":16,"column":null}},"8":{"start":{"line":15,"column":12},"end":{"line":15,"column":25}},"9":{"start":{"line":17,"column":8},"end":{"line":17,"column":18}},"10":{"start":{"line":20,"column":4},"end":{"line":20,"column":16}},"11":{"start":{"line":4,"column":0},"end":{"line":4,"column":24}}},"fnMap":{"0":{"name":"judgeInBusiness","decl":{"start":{"line":4,"column":24},"end":{"line":4,"column":39}},"loc":{"start":{"line":4,"column":88},"end":{"line":21,"column":1}}}},"branchMap":{"0":{"loc":{"start":{"line":14,"column":8},"end":{"line":16,"column":null}},"type":"if","locations":[{"start":{"line":14,"column":8},"end":{"line":16,"column":null}},{"start":{"line":14,"column":8},"end":{"line":16,"column":null}}]}},"s":{"0":1,"1":1,"2":6,"3":6,"4":6,"5":6,"6":6,"7":17,"8":0,"9":17,"10":6,"11":1},"f":{"0":6},"b":{"0":[0,17]}}
,"/Users/kelvinsun/Workspace/GitHub/badminton-court/src/judgement/isFree.ts": {"path":"/Users/kelvinsun/Workspace/GitHub/badminton-court/src/judgement/isFree.ts","statementMap":{"0":{"start":{"line":2,"column":4},"end":{"line":7,"column":null}},"1":{"start":{"line":2,"column":17},"end":{"line":2,"column":18}},"2":{"start":{"line":2,"column":24},"end":{"line":2,"column":41}},"3":{"start":{"line":4,"column":8},"end":{"line":6,"column":null}},"4":{"start":{"line":5,"column":12},"end":{"line":5,"column":25}},"5":{"start":{"line":9,"column":4},"end":{"line":9,"column":16}},"6":{"start":{"line":1,"column":0},"end":{"line":1,"column":24}}},"fnMap":{"0":{"name":"judgeIsFree","decl":{"start":{"line":1,"column":24},"end":{"line":1,"column":35}},"loc":{"start":{"line":1,"column":94},"end":{"line":10,"column":1}}}},"branchMap":{"0":{"loc":{"start":{"line":4,"column":8},"end":{"line":6,"column":null}},"type":"if","locations":[{"start":{"line":4,"column":8},"end":{"line":6,"column":null}},{"start":{"line":4,"column":8},"end":{"line":6,"column":null}}]},"1":{"loc":{"start":{"line":4,"column":12},"end":{"line":4,"column":45}},"type":"binary-expr","locations":[{"start":{"line":4,"column":12},"end":{"line":4,"column":45}},{"start":{"line":4,"column":49},"end":{"line":4,"column":82}}]}},"s":{"0":4,"1":4,"2":4,"3":1,"4":1,"5":3,"6":1},"f":{"0":4},"b":{"0":[1,0],"1":[1,0]}}
,"/Users/kelvinsun/Workspace/GitHub/badminton-court/src/transformer/dateStrToNum.ts": {"path":"/Users/kelvinsun/Workspace/GitHub/badminton-court/src/transformer/dateStrToNum.ts","statementMap":{"0":{"start":{"line":1,"column":0},"end":{"line":1,"column":45}},"1":{"start":{"line":4,"column":55},"end":{"line":4,"column":74}},"2":{"start":{"line":6,"column":4},"end":{"line":8,"column":null}},"3":{"start":{"line":7,"column":8},"end":{"line":7,"column":47}},"4":{"start":{"line":11,"column":4},"end":{"line":11,"column":64}},"5":{"start":{"line":3,"column":0},"end":{"line":3,"column":24}}},"fnMap":{"0":{"name":"dateStrToNum","decl":{"start":{"line":3,"column":24},"end":{"line":3,"column":36}},"loc":{"start":{"line":3,"column":49},"end":{"line":12,"column":1}}}},"branchMap":{"0":{"loc":{"start":{"line":6,"column":4},"end":{"line":8,"column":null}},"type":"if","locations":[{"start":{"line":6,"column":4},"end":{"line":8,"column":null}},{"start":{"line":6,"column":4},"end":{"line":8,"column":null}}]}},"s":{"0":1,"1":12,"2":12,"3":0,"4":12,"5":1},"f":{"0":12},"b":{"0":[0,12]}}
,"/Users/kelvinsun/Workspace/GitHub/badminton-court/src/util/sortFnDate.ts": {"path":"/Users/kelvinsun/Workspace/GitHub/badminton-court/src/util/sortFnDate.ts","statementMap":{"0":{"start":{"line":2,"column":26},"end":{"line":2,"column":93}},"1":{"start":{"line":4,"column":4},"end":{"line":6,"column":null}},"2":{"start":{"line":5,"column":8},"end":{"line":5,"column":29}},"3":{"start":{"line":8,"column":25},"end":{"line":8,"column":80}},"4":{"start":{"line":10,"column":4},"end":{"line":12,"column":null}},"5":{"start":{"line":11,"column":8},"end":{"line":11,"column":28}},"6":{"start":{"line":14,"column":4},"end":{"line":14,"column":63}},"7":{"start":{"line":1,"column":0},"end":{"line":1,"column":24}}},"fnMap":{"0":{"name":"default_1","decl":{"start":{"line":1,"column":0},"end":{"line":1,"column":24}},"loc":{"start":{"line":1,"column":80},"end":{"line":15,"column":1}}}},"branchMap":{"0":{"loc":{"start":{"line":4,"column":4},"end":{"line":6,"column":null}},"type":"if","locations":[{"start":{"line":4,"column":4},"end":{"line":6,"column":null}},{"start":{"line":4,"column":4},"end":{"line":6,"column":null}}]},"1":{"loc":{"start":{"line":10,"column":4},"end":{"line":12,"column":null}},"type":"if","locations":[{"start":{"line":10,"column":4},"end":{"line":12,"column":null}},{"start":{"line":10,"column":4},"end":{"line":12,"column":null}}]}},"s":{"0":1,"1":1,"2":0,"3":1,"4":1,"5":1,"6":0,"7":1},"f":{"0":1},"b":{"0":[0,1],"1":[1,0]}}
,"/Users/kelvinsun/Workspace/GitHub/badminton-court/src/validation/cancel.ts": {"path":"/Users/kelvinsun/Workspace/GitHub/badminton-court/src/validation/cancel.ts","statementMap":{"0":{"start":{"line":2,"column":4},"end":{"line":2,"column":28}},"1":{"start":{"line":1,"column":0},"end":{"line":1,"column":24}}},"fnMap":{"0":{"name":"validationCancel","decl":{"start":{"line":1,"column":24},"end":{"line":1,"column":40}},"loc":{"start":{"line":1,"column":57},"end":{"line":3,"column":1}}}},"branchMap":{},"s":{"0":2,"1":1},"f":{"0":2},"b":{}}
,"/Users/kelvinsun/Workspace/GitHub/badminton-court/src/validation/date.ts": {"path":"/Users/kelvinsun/Workspace/GitHub/badminton-court/src/validation/date.ts","statementMap":{"0":{"start":{"line":1,"column":0},"end":{"line":1,"column":44}},"1":{"start":{"line":10,"column":55},"end":{"line":10,"column":76}},"2":{"start":{"line":12,"column":4},"end":{"line":14,"column":null}},"3":{"start":{"line":13,"column":8},"end":{"line":13,"column":21}},"4":{"start":{"line":17,"column":11},"end":{"line":17,"column":15}},"5":{"start":{"line":17,"column":17},"end":{"line":17,"column":22}},"6":{"start":{"line":17,"column":24},"end":{"line":17,"column":28}},"7":{"start":{"line":19,"column":4},"end":{"line":19,"column":17}},"8":{"start":{"line":21,"column":4},"end":{"line":23,"column":null}},"9":{"start":{"line":22,"column":8},"end":{"line":22,"column":21}},"10":{"start":{"line":25,"column":4},"end":{"line":78,"column":null}},"11":{"start":{"line":27,"column":12},"end":{"line":27,"column":30}},"12":{"start":{"line":30,"column":12},"end":{"line":30,"column":25}},"13":{"start":{"line":32,"column":12},"end":{"line":46,"column":null}},"14":{"start":{"line":34,"column":16},"end":{"line":38,"column":null}},"15":{"start":{"line":35,"column":20},"end":{"line":35,"column":38}},"16":{"start":{"line":37,"column":20},"end":{"line":37,"column":38}},"17":{"start":{"line":41,"column":16},"end":{"line":45,"column":null}},"18":{"start":{"line":42,"column":20},"end":{"line":42,"column":38}},"19":{"start":{"line":44,"column":20},"end":{"line":44,"column":38}},"20":{"start":{"line":58,"column":12},"end":{"line":58,"column":37}},"21":{"start":{"line":68,"column":12},"end":{"line":72,"column":null}},"22":{"start":{"line":69,"column":16},"end":{"line":69,"column":34}},"23":{"start":{"line":71,"column":16},"end":{"line":71,"column":34}},"24":{"start":{"line":76,"column":12},"end":{"line":76,"column":25}},"25":{"start":{"line":9,"column":0},"end":{"line":9,"column":24}}},"fnMap":{"0":{"name":"validationDate","decl":{"start":{"line":9,"column":24},"end":{"line":9,"column":38}},"loc":{"start":{"line":9,"column":54},"end":{"line":79,"column":1}}}},"branchMap":{"0":{"loc":{"start":{"line":12,"column":4},"end":{"line":14,"column":null}},"type":"if","locations":[{"start":{"line":12,"column":4},"end":{"line":14,"column":null}},{"start":{"line":12,"column":4},"end":{"line":14,"column":null}}]},"1":{"loc":{"start":{"line":21,"column":4},"end":{"line":23,"column":null}},"type":"if","locations":[{"start":{"line":21,"column":4},"end":{"line":23,"column":null}},{"start":{"line":21,"column":4},"end":{"line":23,"column":null}}]},"2":{"loc":{"start":{"line":26,"column":8},"end":{"line":28,"column":null}},"type":"switch","locations":[{"start":{"line":26,"column":8},"end":{"line":28,"column":null}},{"start":{"line":29,"column":8},"end":{"line":47,"column":null}},{"start":{"line":48,"column":8},"end":{"line":48,"column":18}},{"start":{"line":49,"column":8},"end":{"line":49,"column":18}},{"start":{"line":50,"column":8},"end":{"line":50,"column":18}},{"start":{"line":51,"column":8},"end":{"line":51,"column":18}},{"start":{"line":52,"column":8},"end":{"line":52,"column":18}},{"start":{"line":53,"column":8},"end":{"line":53,"column":18}},{"start":{"line":54,"column":8},"end":{"line":54,"column":18}},{"start":{"line":55,"column":8},"end":{"line":55,"column":18}},{"start":{"line":56,"column":8},"end":{"line":56,"column":18}},{"start":{"line":57,"column":8},"end":{"line":73,"column":null}},{"start":{"line":74,"column":8},"end":{"line":77,"column":null}}]},"3":{"loc":{"start":{"line":32,"column":12},"end":{"line":46,"column":null}},"type":"if","locations":[{"start":{"line":32,"column":12},"end":{"line":46,"column":null}},{"start":{"line":32,"column":12},"end":{"line":46,"column":null}}]},"4":{"loc":{"start":{"line":34,"column":16},"end":{"line":38,"column":null}},"type":"if","locations":[{"start":{"line":34,"column":16},"end":{"line":38,"column":null}},{"start":{"line":34,"column":16},"end":{"line":38,"column":null}}]},"5":{"loc":{"start":{"line":41,"column":16},"end":{"line":45,"column":null}},"type":"if","locations":[{"start":{"line":41,"column":16},"end":{"line":45,"column":null}},{"start":{"line":41,"column":16},"end":{"line":45,"column":null}}]},"6":{"loc":{"start":{"line":68,"column":12},"end":{"line":72,"column":null}},"type":"if","locations":[{"start":{"line":68,"column":12},"end":{"line":72,"column":null}},{"start":{"line":68,"column":12},"end":{"line":72,"column":null}}]}},"s":{"0":1,"1":6,"2":6,"3":0,"4":6,"5":6,"6":6,"7":6,"8":6,"9":0,"10":6,"11":0,"12":0,"13":0,"14":0,"15":0,"16":0,"17":0,"18":0,"19":0,"20":6,"21":6,"22":6,"23":0,"24":0,"25":1},"f":{"0":6},"b":{"0":[0,6],"1":[0,6],"2":[0,0,0,0,0,0,0,6,6,6,6,6,0],"3":[0,0],"4":[0,0],"5":[0,0],"6":[6,0]}}
,"/Users/kelvinsun/Workspace/GitHub/badminton-court/src/validation/time.ts": {"path":"/Users/kelvinsun/Workspace/GitHub/badminton-court/src/validation/time.ts","statementMap":{"0":{"start":{"line":1,"column":0},"end":{"line":1,"column":45}},"1":{"start":{"line":10,"column":64},"end":{"line":10,"column":88}},"2":{"start":{"line":11,"column":62},"end":{"line":11,"column":84}},"3":{"start":{"line":13,"column":4},"end":{"line":15,"column":null}},"4":{"start":{"line":14,"column":8},"end":{"line":14,"column":21}},"5":{"start":{"line":18,"column":11},"end":{"line":18,"column":20}},"6":{"start":{"line":18,"column":22},"end":{"line":18,"column":33}},"7":{"start":{"line":20,"column":11},"end":{"line":20,"column":18}},"8":{"start":{"line":20,"column":20},"end":{"line":20,"column":29}},"9":{"start":{"line":23,"column":4},"end":{"line":25,"column":null}},"10":{"start":{"line":24,"column":8},"end":{"line":24,"column":21}},"11":{"start":{"line":27,"column":4},"end":{"line":27,"column":27}},"12":{"start":{"line":28,"column":4},"end":{"line":28,"column":23}},"13":{"start":{"line":30,"column":4},"end":{"line":32,"column":null}},"14":{"start":{"line":31,"column":8},"end":{"line":31,"column":21}},"15":{"start":{"line":34,"column":4},"end":{"line":36,"column":null}},"16":{"start":{"line":35,"column":8},"end":{"line":35,"column":21}},"17":{"start":{"line":39,"column":4},"end":{"line":39,"column":31}},"18":{"start":{"line":9,"column":0},"end":{"line":9,"column":24}}},"fnMap":{"0":{"name":"validationTime","decl":{"start":{"line":9,"column":24},"end":{"line":9,"column":38}},"loc":{"start":{"line":9,"column":73},"end":{"line":40,"column":1}}}},"branchMap":{"0":{"loc":{"start":{"line":13,"column":4},"end":{"line":15,"column":null}},"type":"if","locations":[{"start":{"line":13,"column":4},"end":{"line":15,"column":null}},{"start":{"line":13,"column":4},"end":{"line":15,"column":null}}]},"1":{"loc":{"start":{"line":13,"column":8},"end":{"line":13,"column":29}},"type":"binary-expr","locations":[{"start":{"line":13,"column":8},"end":{"line":13,"column":29}},{"start":{"line":13,"column":33},"end":{"line":13,"column":52}}]},"2":{"loc":{"start":{"line":23,"column":4},"end":{"line":25,"column":null}},"type":"if","locations":[{"start":{"line":23,"column":4},"end":{"line":25,"column":null}},{"start":{"line":23,"column":4},"end":{"line":25,"column":null}}]},"3":{"loc":{"start":{"line":23,"column":8},"end":{"line":23,"column":28}},"type":"binary-expr","locations":[{"start":{"line":23,"column":8},"end":{"line":23,"column":28}},{"start":{"line":23,"column":32},"end":{"line":23,"column":50}}]},"4":{"loc":{"start":{"line":30,"column":4},"end":{"line":32,"column":null}},"type":"if","locations":[{"start":{"line":30,"column":4},"end":{"line":32,"column":null}},{"start":{"line":30,"column":4},"end":{"line":32,"column":null}}]},"5":{"loc":{"start":{"line":30,"column":8},"end":{"line":30,"column":21}},"type":"binary-expr","locations":[{"start":{"line":30,"column":8},"end":{"line":30,"column":21}},{"start":{"line":30,"column":25},"end":{"line":30,"column":39}}]},"6":{"loc":{"start":{"line":34,"column":4},"end":{"line":36,"column":null}},"type":"if","locations":[{"start":{"line":34,"column":4},"end":{"line":36,"column":null}},{"start":{"line":34,"column":4},"end":{"line":36,"column":null}}]},"7":{"loc":{"start":{"line":34,"column":8},"end":{"line":34,"column":19}},"type":"binary-expr","locations":[{"start":{"line":34,"column":8},"end":{"line":34,"column":19}},{"start":{"line":34,"column":23},"end":{"line":34,"column":35}}]}},"s":{"0":1,"1":6,"2":6,"3":6,"4":0,"5":6,"6":6,"7":6,"8":6,"9":6,"10":0,"11":6,"12":6,"13":6,"14":0,"15":6,"16":0,"17":6,"18":1},"f":{"0":6},"b":{"0":[0,6],"1":[6,6],"2":[0,6],"3":[6,6],"4":[0,6],"5":[6,6],"6":[0,6],"7":[6,6]}}
}
