TN:
SF:/Users/kelvinsun/Workspace/GitHub/badminton-court/src/main.ts
FN:12,(anonymous_0)
FN:13,(anonymous_2)
FN:38,(anonymous_3)
FN:69,(anonymous_4)
FN:113,(anonymous_5)
FN:154,(anonymous_6)
FN:165,(anonymous_7)
FN:173,(anonymous_8)
FN:182,(anonymous_9)
FNF:9
FNH:9
FNDA:2,(anonymous_0)
FNDA:3,(anonymous_2)
FNDA:6,(anonymous_3)
FNDA:3,(anonymous_4)
FNDA:1,(anonymous_5)
FNDA:3,(anonymous_6)
FNDA:2,(anonymous_7)
FNDA:1,(anonymous_8)
FNDA:1,(anonymous_9)
DA:1,1
DA:2,1
DA:3,1
DA:4,1
DA:5,1
DA:6,1
DA:7,1
DA:8,1
DA:9,1
DA:10,1
DA:12,1
DA:13,1
DA:14,3
DA:16,3
DA:17,3
DA:20,3
DA:21,3
DA:23,3
DA:25,9
DA:26,0
DA:28,9
DA:29,9
DA:32,3
DA:35,1
DA:36,1
DA:38,1
DA:39,6
DA:41,6
DA:42,6
DA:52,6
DA:54,0
DA:57,6
DA:59,0
DA:63,6
DA:65,0
DA:68,6
DA:69,3
DA:71,6
DA:72,6
DA:74,6
DA:76,6
DA:78,0
DA:81,6
DA:82,2
DA:84,2
DA:86,1
DA:89,1
DA:93,1
DA:95,4
DA:97,4
DA:99,1
DA:102,3
DA:106,3
DA:109,0
DA:113,1
DA:114,1
DA:116,1
DA:117,2
DA:118,2
DA:121,2
DA:124,1
DA:125,1
DA:126,0
DA:129,1
DA:132,2
DA:133,2
DA:135,2
DA:137,3
DA:138,3
DA:145,3
DA:148,2
DA:151,1
DA:154,1
DA:155,3
DA:165,1
DA:172,2
DA:174,1
DA:182,1
DA:183,1
DA:185,1
DA:186,1
DA:189,1
DA:191,1
LF:83
LH:76
BRDA:25,0,0,0
BRDA:25,0,1,9
BRDA:32,1,0,1
BRDA:32,1,1,2
BRDA:41,2,0,6
BRDA:41,2,1,0
BRDA:52,3,0,0
BRDA:52,3,1,6
BRDA:57,4,0,0
BRDA:57,4,1,6
BRDA:63,5,0,0
BRDA:63,5,1,6
BRDA:63,6,0,6
BRDA:63,6,1,2
BRDA:69,7,0,3
BRDA:69,7,1,2
BRDA:76,8,0,0
BRDA:76,8,1,6
BRDA:81,9,0,2
BRDA:81,9,1,4
BRDA:84,10,0,1
BRDA:84,10,1,1
BRDA:97,11,0,1
BRDA:97,11,1,3
BRDA:117,12,0,2
BRDA:117,12,1,0
BRDA:125,13,0,0
BRDA:125,13,1,1
BRDA:174,14,0,1
BRDA:174,14,1,1
BRDA:174,14,2,1
BRDA:174,14,3,1
BRDA:174,14,4,1
BRF:33
BRH:25
end_of_record
TN:
SF:/Users/kelvinsun/Workspace/GitHub/badminton-court/src/constant/priceMap.ts
FNF:0
FNH:0
DA:5,1
LF:1
LH:1
BRF:0
BRH:0
end_of_record
TN:
SF:/Users/kelvinsun/Workspace/GitHub/badminton-court/src/constant/regexp.ts
FNF:0
FNH:0
DA:3,1
DA:4,1
DA:5,1
LF:3
LH:3
BRF:0
BRH:0
end_of_record
TN:
SF:/Users/kelvinsun/Workspace/GitHub/badminton-court/src/constant/time.ts
FNF:0
FNH:0
DA:4,1
DA:5,1
LF:2
LH:2
BRF:0
BRH:0
end_of_record
TN:
SF:/Users/kelvinsun/Workspace/GitHub/badminton-court/src/judgement/inBusiness.ts
FN:4,judgeInBusiness
FNF:1
FNH:1
FNDA:6,judgeInBusiness
DA:1,1
DA:2,1
DA:4,1
DA:5,6
DA:6,6
DA:9,6
DA:10,6
DA:12,6
DA:14,17
DA:15,0
DA:17,17
DA:20,6
LF:12
LH:11
BRDA:14,0,0,0
BRDA:14,0,1,17
BRF:2
BRH:1
end_of_record
TN:
SF:/Users/kelvinsun/Workspace/GitHub/badminton-court/src/judgement/isFree.ts
FN:1,judgeIsFree
FNF:1
FNH:1
FNDA:4,judgeIsFree
DA:1,1
DA:2,4
DA:4,1
DA:5,1
DA:9,3
LF:5
LH:5
BRDA:4,0,0,1
BRDA:4,0,1,0
BRDA:4,1,0,1
BRDA:4,1,1,0
BRF:4
BRH:2
end_of_record
TN:
SF:/Users/kelvinsun/Workspace/GitHub/badminton-court/src/transformer/dateStrToNum.ts
FN:3,dateStrToNum
FNF:1
FNH:1
FNDA:12,dateStrToNum
DA:1,1
DA:3,1
DA:4,12
DA:6,12
DA:7,0
DA:11,12
LF:6
LH:5
BRDA:6,0,0,0
BRDA:6,0,1,12
BRF:2
BRH:1
end_of_record
TN:
SF:/Users/kelvinsun/Workspace/GitHub/badminton-court/src/util/sortFnDate.ts
FN:1,default_1
FNF:1
FNH:1
FNDA:1,default_1
DA:1,1
DA:2,1
DA:4,1
DA:5,0
DA:8,1
DA:10,1
DA:11,1
DA:14,0
LF:8
LH:6
BRDA:4,0,0,0
BRDA:4,0,1,1
BRDA:10,1,0,1
BRDA:10,1,1,0
BRF:4
BRH:2
end_of_record
TN:
SF:/Users/kelvinsun/Workspace/GitHub/badminton-court/src/validation/cancel.ts
FN:1,validationCancel
FNF:1
FNH:1
FNDA:2,validationCancel
DA:1,1
DA:2,2
LF:2
LH:2
BRF:0
BRH:0
end_of_record
TN:
SF:/Users/kelvinsun/Workspace/GitHub/badminton-court/src/validation/date.ts
FN:9,validationDate
FNF:1
FNH:1
FNDA:6,validationDate
DA:1,1
DA:9,1
DA:10,6
DA:12,6
DA:13,0
DA:17,6
DA:19,6
DA:21,6
DA:22,0
DA:25,6
DA:27,0
DA:30,0
DA:32,0
DA:34,0
DA:35,0
DA:37,0
DA:41,0
DA:42,0
DA:44,0
DA:58,6
DA:68,6
DA:69,6
DA:71,0
DA:76,0
LF:24
LH:11
BRDA:12,0,0,0
BRDA:12,0,1,6
BRDA:21,1,0,0
BRDA:21,1,1,6
BRDA:26,2,0,0
BRDA:26,2,1,0
BRDA:26,2,2,0
BRDA:26,2,3,0
BRDA:26,2,4,0
BRDA:26,2,5,0
BRDA:26,2,6,0
BRDA:26,2,7,6
BRDA:26,2,8,6
BRDA:26,2,9,6
BRDA:26,2,10,6
BRDA:26,2,11,6
BRDA:26,2,12,0
BRDA:32,3,0,0
BRDA:32,3,1,0
BRDA:34,4,0,0
BRDA:34,4,1,0
BRDA:41,5,0,0
BRDA:41,5,1,0
BRDA:68,6,0,6
BRDA:68,6,1,0
BRF:25
BRH:8
end_of_record
TN:
SF:/Users/kelvinsun/Workspace/GitHub/badminton-court/src/validation/time.ts
FN:9,validationTime
FNF:1
FNH:1
FNDA:6,validationTime
DA:1,1
DA:9,1
DA:10,6
DA:11,6
DA:13,6
DA:14,0
DA:18,6
DA:20,6
DA:23,6
DA:24,0
DA:27,6
DA:28,6
DA:30,6
DA:31,0
DA:34,6
DA:35,0
DA:39,6
LF:17
LH:13
BRDA:13,0,0,0
BRDA:13,0,1,6
BRDA:13,1,0,6
BRDA:13,1,1,6
BRDA:23,2,0,0
BRDA:23,2,1,6
BRDA:23,3,0,6
BRDA:23,3,1,6
BRDA:30,4,0,0
BRDA:30,4,1,6
BRDA:30,5,0,6
BRDA:30,5,1,6
BRDA:34,6,0,0
BRDA:34,6,1,6
BRDA:34,7,0,6
BRDA:34,7,1,6
BRF:16
BRH:12
end_of_record
